
/home/runner/work/exp-youngs-double-slit-dei/exp-youngs-double-slit-dei/experiment/simulation/sim2/script.js
  426:10  error  Parsing error: Identifier 'animation1' has already been declared

/home/runner/work/exp-youngs-double-slit-dei/exp-youngs-double-slit-dei/experiment/simulation/sim3/script.js
    5:7   warning  'c' is assigned a value but never used           no-unused-vars
    8:5   warning  'x' is assigned a value but never used           no-unused-vars
    9:7   warning  'peaks' is assigned a value but never used       no-unused-vars
   13:10  warning  'source' is defined but never used               no-unused-vars
   13:17  warning  'n' is defined but never used                    no-unused-vars
   62:10  warning  'drawSlits' is defined but never used            no-unused-vars
   68:9   warning  'img' is assigned a value but never used         no-unused-vars
   95:7   warning  'pattern' is assigned a value but never used     no-unused-vars
  132:7   warning  't' is not defined                               no-undef
  133:33  warning  't' is not defined                               no-undef
  142:7   warning  't' is not defined                               no-undef
  143:33  warning  't' is not defined                               no-undef
  152:1   warning  Empty block statement                            no-empty
  166:7   warning  'sigma' is assigned a value but never used       no-unused-vars
  215:7   warning  'intersity2' is assigned a value but never used  no-unused-vars
  233:3   warning  'intensity2' is not defined                      no-undef
  266:7   warning  't' is not defined                               no-undef
  267:33  warning  't' is not defined                               no-undef
  276:7   warning  't' is not defined                               no-undef
  277:33  warning  't' is not defined                               no-undef
  297:7   warning  'sigma' is assigned a value but never used       no-unused-vars
  346:7   warning  'intersity2' is assigned a value but never used  no-unused-vars
  364:3   warning  'intensity2' is not defined                      no-undef

✖ 24 problems (1 error, 23 warnings)

